Godot Engine v3.4.1.stable.official.aa1b95889 - https://godotengine.org
OpenGL ES 3.0 Renderer: NVIDIA GeForce GTX 1650 with Max-Q Design/PCIe/SSE2
OpenGL ES Batching: ON
 
[left]
[right]
[right]
animation endjumpUp
animation endjumpUp
[left]
animation endjumpUp
[right]
[down]
[right]
[right, lp]
animation endjab
kara stop
[down]
[down, right]
[down, right, lp]
did a hadouken with lP
[left]
animation endhadouken
[right]
[down]
[right]
[right, lp]
animation endjab
kara stop
[down]
[down, right]
[down, right, lp]
did a hadouken with lP
animation endhadouken
[left]
animation endjumpUp
[right]
animation endjumpUp
[left]
[left, right]
[right]
[down]
[right]
[right, lp]
animation endjab
kara stop
[down]
[right]
[right, lp]
animation endjab
kara stop
[left]
[down]
[down, right]
[down, right, lp]
did a hadouken with lP
[right]
animation endhadouken
[left]
[left, down]
[left, down, right]
[left, down, right, lp]
did a hadouken with lP
[right]
animation endhadouken
[left]
[mp]
[mp, down]
[mp, down, right]
[mp, down, right, lp]
did a hadouken with lP
kara cancelled?
kara cancelled?
kara cancelled?
kara cancelled?
kara cancelled?
kara stop
[right]
animation endhadouken
[left]
animation endjumpUp
[right]
[left]
[left, right]
[left, right, left]
dash
[right]
[right, left]
[left]
[left, right]
animation endjumpUp
animation endjumpUp
animation endjumpUp
animation endjumpUp
animation endjumpUp
[left]
animation endjumpUp
[right]
animation endjumpUp
[left]
animation endjumpUp
charged
charged
charged
charged
charged
charged
charged
charged
charged
charged
charged
charged
charged
charged
charged
charged
charged
charged
charged
charged
charged
charged
charged
charged
charged
charged
charged
charged
charged
charged
charged
charged
charged
charged
charged
charged
charged
charged
charged
charged
charged
charged
charged
charged
charged
charged
charged
charged
charged
charged
charged
charged
charged
charged
charged
charged
charged
charged
charged
charged
charged
charged
charged
charged
charged
charged
charged
charged
charged
animation endjumpUp
[right]
[right]
[right, left]
[right, left, right]
dash
[left]
[left, right]
[left, right, left]
dash
[right]
[right, left]
[left]
[left]
[right]
[right]
[right, right]
dash
[left]
[left, left]
dash
[right]
[right, right]
dash
[left]
[left, left]
dash
[right]
[down]
[right]
[right, lp]
animation endjab
kara stop
[left]
[down]
[down, right]
[down, right, lp]
did a hadouken with lP
[right]
animation endhadouken
[right]
animation endjumpUp
[down]
[right]
[right, down]
[left]
[left, right]
[mp]
kara stop
animation endstrong
[left]
[right]
[mp]
kara stop
animation endstrong
[lp]
animation endjab
kara stop
[lp]
animation endjab
kara stop
[lp]
animation endjab
kara stop
[mp]
kara stop
animation endstrong
[lp]
animation endjab
kara stop
[mp]
kara stop
animation endstrong
[lp]
animation endjab
kara stop
[lp]
animation endjab
kara stop
[lp]
animation endjab
[left]
kara stop
[right]
[lp]
[lp, down]
animation endjab
[lp, down, right]
[lp, down, right, mp]
kara stop
animation endstrong
[lp]
[down]
animation endjab
[down, right]
[down, right, lp]
did a hadouken with lP
kara cancelled?
kara cancelled?
kara cancelled?
kara stop
animation endhadouken
[right]
[right, left]
[left]
[right]
[lp]
[lp, down]
[lp, down, lp]
animation endjab
[lp, down, lp, right]
kara stop
[left]
[lp]
[lp, down]
animation endjab
[lp, down, right]
[lp, down, right, lp]
did a hadouken with lP
kara cancelled?
kara cancelled?
kara cancelled?
kara cancelled?
kara stop
animation endhadouken
[lp]
[lp, down]
[lp, down, lp]
animation endjab
[lp, down, lp, right]
kara stop
[lp, down, lp, right, lp]
did a hadouken with lP
[left]
animation endhadouken
[left, right]
[lp]
[lp, down]
[lp, down, right]
animation endjab
[lp, down, right, lp]
did a hadouken with lP
kara cancelled?
kara cancelled?
kara cancelled?
kara stop
animation endhadouken
[right]
[left]
[right]
[right]
[right]
animation endjumpUp
[right]
animation endjumpUp
[left]
animation endjumpUp
[right]
animation endjumpUp
[left]
animation endjumpUp
[right]
[left]
charged
charged
charged
charged
charged
charged
charged
charged
[left, right]
[left]
[left, right]
animation endjumpUp
[left]
charged
charged
animation endjumpUp
charged
charged
charged
charged
charged
charged
charged
charged
charged
charged
charged
charged
charged
charged
charged
charged
charged
charged
charged
charged
charged
charged
charged
charged
charged
charged
charged
charged
charged
charged
charged
charged
charged
charged
charged
charged
charged
charged
charged
charged
charged
charged
charged
charged
charged
charged
charged
charged
charged
charged
charged
charged
charged
charged
charged
charged
charged
charged
charged
charged
charged
charged
charged
charged
charged
charged
charged
charged
charged
charged
charged
charged
charged
charged
charged
charged
charged
charged
charged
charged
charged
charged
charged
charged
charged
charged
charged
charged
charged
charged
charged
charged
charged
charged
charged
charged
charged
charged
charged
charged
charged
charged
charged
charged
[right]
[left]
charged
charged
charged
[left, right]
[left]
[left, right]
[left, right, left]
dash
charged
charged
charged
charged
charged
charged
charged
charged
charged
charged
charged
charged
charged
charged
charged
[left]
[left, right]
[left, right, left]
dash
[right]
[right, left]
charged
charged
charged
charged
charged
charged
[right, left, right]
dash
[left]
charged
charged
charged
charged
charged
charged
charged
charged
[right]
[left]
[left]
[left]
animation endjumpUp
[left]
[left]
[left, right]
[left]
[left, right]
[left, right, left]
dash
[right]
[left]
[right]
animation endjumpUp
[left]
animation endjumpUp
[left]
[right]
[left]
[right]
[left]
[left]
animation endjumpUp
[right]
[left]
[down]
[right]
[right, lp]
animation endjab
kara stop
[down]
[down, right]
[down, right, lp]
did a hadouken with lP
[right]
[left]
animation endhadouken
[left, right]
[left, right, left]
dash
[right]
[right, left]
[right, left, right]
dash
[left]
[left, right]
[left, right, left]
dash
[right]
[right, left]
[right, left, right]
dash
[left]
[left, right]
[left, right, left]
dash
[right]
[right, left]
[right, left, right]
dash
[left]
[left, right]
[left, right, left]
dash
[right]
[right, left]
[right]
[right, right]
dash
[left]
[left, left]
dash
[right]
[right, right]
dash
[left]
[left]
[left, down]
[left, down, right]
[left, down, right, lp]
did a hadouken with lP
animation endhadouken
[right]
animation endjumpUp
animation endjumpUp
[right]
[right]
animation endjumpUp
[right]
[left]
animation endjumpUp
[left]
animation endjumpUp
[right]
animation endjumpUp
[left]
[left]
animation endjumpUp
charged
charged
charged
charged
charged
charged
charged
charged
charged
charged
charged
charged
charged
charged
charged
charged
charged
charged
charged
charged
charged
charged
charged
charged
charged
charged
charged
charged
charged
charged
charged
charged
charged
charged
charged
charged
charged
charged
charged
charged
charged
charged
charged
charged
charged
charged
charged
charged
charged
charged
charged
charged
charged
charged
charged
charged
charged
charged
charged
charged
charged
charged
charged
charged
charged
charged
charged
charged
charged
charged
charged
charged
charged
animation endjumpUp
[left, right]
animation endjumpUp
animation endjumpUp
[right]
animation endjumpUp
[down]
[down, left]
[right]
animation endjumpUp
[left]
animation endjumpUp
charged
charged
charged
charged
charged
charged
charged
charged
charged
charged
charged
charged
charged
charged
charged
charged
charged
charged
charged
charged
charged
charged
charged
charged
charged
charged
charged
charged
charged
charged
charged
charged
charged
charged
charged
charged
charged
charged
charged
charged
charged
charged
charged
charged
charged
charged
charged
charged
charged
charged
charged
charged
charged
charged
charged
charged
charged
charged
charged
charged
charged
charged
[right]
animation endjumpUp
[right]
[down]
[left]
[left, right]
[left, right, left]
dash
[right]
[right, left]
[right, left, right]
dash
