Godot Engine v3.4.1.stable.official.aa1b95889 - https://godotengine.org
OpenGL ES 3.0 Renderer: NVIDIA GeForce GTX 1650 with Max-Q Design/PCIe/SSE2
OpenGL ES Batching: ON
 
animation endjumpUp
[right]
animation endjumpUp
[left]
[left, right]
[left]
[left, right]
[right]
animation endjumpUp
[right]
[left]
animation endjumpUp
charged
charged
charged
charged
charged
charged
charged
charged
charged
charged
charged
charged
charged
charged
charged
charged
charged
charged
animation endjumpUp
charged
charged
charged
charged
charged
charged
charged
charged
charged
charged
charged
charged
charged
charged
charged
charged
charged
charged
charged
charged
charged
charged
charged
charged
charged
charged
charged
charged
charged
charged
charged
charged
charged
charged
charged
charged
charged
charged
charged
charged
charged
charged
charged
charged
charged
charged
charged
charged
charged
charged
charged
charged
charged
charged
charged
charged
charged
charged
charged
charged
charged
[right]
